client/library/build/outputs/logs/manifest-merger-debug-report.txt
-- Merging decision tree log ---
manifest
ADDED from client\library\AndroidManifest.xml:2:1-4:12
INJECTED from client\library\AndroidManifest.xml:2:1-4:12
INJECTED from client\library\AndroidManifest.xml:2:1-4:12
INJECTED from client\library\AndroidManifest.xml:2:1-4:12
INJECTED from client\library\AndroidManifest.xml:2:1-4:12
INJECTED from client\library\AndroidManifest.xml:2:1-4:12
INJECTED from client\library\AndroidManifest.xml:2:1-4:12
	package
		ADDED from client\library\AndroidManifest.xml:2:124-155
		INJECTED from client\library\AndroidManifest.xml
		INJECTED from client\library\AndroidManifest.xml
	android:versionName
		ADDED from client\library\AndroidManifest.xml:2:96-123
		INJECTED from client\library\AndroidManifest.xml
		INJECTED from client\library\AndroidManifest.xml
	xmlns:android
		ADDED from client\library\AndroidManifest.xml:2:11-69
	android:versionCode
		ADDED from client\library\AndroidManifest.xml:2:70-95
		INJECTED from client\library\AndroidManifest.xml
		INJECTED from client\library\AndroidManifest.xml
uses-sdk
INJECTED from client\library\AndroidManifest.xml reason: use-sdk injection requested
INJECTED from client\library\AndroidManifest.xml
INJECTED from client\library\AndroidManifest.xml
INJECTED from client\library\AndroidManifest.xml
INJECTED from client\library\AndroidManifest.xml
	android:targetSdkVersion
		INJECTED from client\library\AndroidManifest.xml
		ADDED from client\library\AndroidManifest.xml
		INJECTED from client\library\AndroidManifest.xml
	android:minSdkVersion
		INJECTED from client\library\AndroidManifest.xml
		ADDED from client\library\AndroidManifest.xml
		INJECTED from client\library\AndroidManifest.xml